2025-11-12 16:41:57 - ERROR - root - Неожиданная ошибка подключения: Multiple exceptions: [Errno 61] Connect call failed ('::1', 5432, 0, 0), [Errno 61] Connect call failed ('127.0.0.1', 5432)
2025-11-12 16:41:57 - ERROR - root - Превышено максимальное количество попыток подключения
2025-11-15 00:24:52 - ERROR - root - Неожиданная ошибка подключения: password authentication failed for user "localhost"
2025-11-15 00:24:52 - ERROR - root - Превышено максимальное количество попыток подключения
2025-11-15 00:25:11 - ERROR - root - Неожиданная ошибка подключения: password authentication failed for user "localhost"
2025-11-15 00:25:11 - ERROR - root - Превышено максимальное количество попыток подключения
2025-11-15 00:25:22 - ERROR - root - Неожиданная ошибка подключения: password authentication failed for user "localhost"
2025-11-15 00:25:22 - ERROR - root - Превышено максимальное количество попыток подключения
2025-11-15 10:03:20 - ERROR - root - Ошибка выполнения запроса: DuplicateTableError: relation "events" already exists
SQL: 
                CREATE TABLE public.events
(
    id bigint NOT NULL GENERATED ALWAYS AS IDENTITY ( START 1 MINVALUE 1 MAXVALUE 999999999999999 CACHE 1 ),
    title character varying(80) NOT NULL,
    description character varying(260) NOT NULL,
    date date NOT NULL,
    time_start timestamp with time zone NOT NULL,
    time_stop timestamp with time zone NOT NULL,
    PRIMARY KEY (id)
);
2025-11-15 10:06:18 - ERROR - root - Ошибка выполнения запроса: DuplicateTableError: relation "events" already exists
SQL: 
                CREATE TABLE public.events
(
    id bigint NOT NULL GENERATED ALWAYS AS IDENTITY ( START 1 MINVALUE 1 MAXVALUE 999999999999999 CACHE 1 ),
    title character varying(80) NOT NULL,
    description character varying(260) NOT NULL,
    date date NOT NULL,
    time_start timestamp with time zone NOT NULL,
    time_stop timestamp with time zone NOT NULL,
    PRIMARY KEY (id)
);
2025-11-15 10:08:40 - ERROR - root - Ошибка выполнения запроса: DuplicateTableError: relation "events" already exists
SQL: 
                CREATE TABLE public.events
(
    id bigint NOT NULL GENERATED ALWAYS AS IDENTITY ( START 1 MINVALUE 1 MAXVALUE 999999999999999 CACHE 1 ),
    title character varying(80) NOT NULL,
    description character varying(260) NOT NULL,
    date date NOT NULL,
    time_start timestamp with time zone NOT NULL,
    time_stop timestamp with time zone NOT NULL,
    PRIMARY KEY (id)
);
2025-11-15 10:31:04 - ERROR - qasync._QEventLoop - Task exception was never retrieved
future: <Task finished name='Task-2' coro=<MainWindow.create_event() done, defined at /Users/egor/Проекты/calendar/main.py:73> exception=TypeError("insert_mero() missing 1 required positional argument: 'time_stop'")>
Traceback (most recent call last):
  File "/Users/egor/Проекты/calendar/main.py", line 74, in create_event
    await func.insert_mero(title, date, time_start, time_over)
          ~~~~~~~~~~~~~~~~^^^^^^^^^^^^^^^^^^^^^^^^^^^^^^^^^^^^
TypeError: insert_mero() missing 1 required positional argument: 'time_stop'
2025-11-15 10:31:12 - ERROR - qasync._QEventLoop - Task exception was never retrieved
future: <Task finished name='Task-3' coro=<MainWindow.create_event() done, defined at /Users/egor/Проекты/calendar/main.py:73> exception=TypeError("insert_mero() missing 1 required positional argument: 'time_stop'")>
Traceback (most recent call last):
  File "/Users/egor/Проекты/calendar/main.py", line 74, in create_event
    await func.insert_mero(title, date, time_start, time_over)
          ~~~~~~~~~~~~~~~~^^^^^^^^^^^^^^^^^^^^^^^^^^^^^^^^^^^^
TypeError: insert_mero() missing 1 required positional argument: 'time_stop'
2025-11-15 11:53:00 - ERROR - root - Ошибка выполнения запроса: PostgresSyntaxError: syntax error at or near ","
SQL: INSERT INTO events (title, date, time_start, time_stop), ($1, $2, $3, $4)
2025-11-15 11:53:28 - ERROR - root - Ошибка выполнения запроса: DataError: invalid input for query argument $3: datetime.time(1, 0) ('NoneType' object has no attribute 'utcoffset')
SQL: INSERT INTO events (title, date, time_start, time_stop) VALUES ($1, $2, $3, $4)
2025-11-15 11:54:20 - ERROR - qasync._QEventLoop - Task exception was never retrieved
future: <Task finished name='Task-2' coro=<MainWindow.export() done, defined at /Users/egor/Проекты/calendar/main.py:83> exception=ValueError("No engine for filetype: 'csv'")>
Traceback (most recent call last):
  File "/Users/egor/Проекты/calendar/.venv/lib/python3.13/site-packages/pandas/io/excel/_base.py", line 1136, in __new__
    engine = config.get_option(f"io.excel.{ext}.writer", silent=True)
  File "/Users/egor/Проекты/calendar/.venv/lib/python3.13/site-packages/pandas/_config/config.py", line 274, in __call__
    return self.__func__(*args, **kwds)
           ~~~~~~~~~~~~~^^^^^^^^^^^^^^^
  File "/Users/egor/Проекты/calendar/.venv/lib/python3.13/site-packages/pandas/_config/config.py", line 146, in _get_option
    key = _get_single_key(pat, silent)
  File "/Users/egor/Проекты/calendar/.venv/lib/python3.13/site-packages/pandas/_config/config.py", line 132, in _get_single_key
    raise OptionError(f"No such keys(s): {repr(pat)}")
pandas._config.config.OptionError: No such keys(s): 'io.excel.csv.writer'

The above exception was the direct cause of the following exception:

Traceback (most recent call last):
  File "/Users/egor/Проекты/calendar/main.py", line 86, in export
    df.to_excel("tasks.csv", index=False, sheet_name="Tasks")
    ~~~~~~~~~~~^^^^^^^^^^^^^^^^^^^^^^^^^^^^^^^^^^^^^^^^^^^^^^
  File "/Users/egor/Проекты/calendar/.venv/lib/python3.13/site-packages/pandas/util/_decorators.py", line 333, in wrapper
    return func(*args, **kwargs)
  File "/Users/egor/Проекты/calendar/.venv/lib/python3.13/site-packages/pandas/core/generic.py", line 2439, in to_excel
    formatter.write(
    ~~~~~~~~~~~~~~~^
        excel_writer,
        ^^^^^^^^^^^^^
    ...<6 lines>...
        engine_kwargs=engine_kwargs,
        ^^^^^^^^^^^^^^^^^^^^^^^^^^^^
    )
    ^
  File "/Users/egor/Проекты/calendar/.venv/lib/python3.13/site-packages/pandas/io/formats/excel.py", line 943, in write
    writer = ExcelWriter(
        writer,
    ...<2 lines>...
        engine_kwargs=engine_kwargs,
    )
  File "/Users/egor/Проекты/calendar/.venv/lib/python3.13/site-packages/pandas/io/excel/_base.py", line 1140, in __new__
    raise ValueError(f"No engine for filetype: '{ext}'") from err
ValueError: No engine for filetype: 'csv'
2025-11-15 11:54:37 - ERROR - qasync._QEventLoop - Task exception was never retrieved
future: <Task finished name='Task-2' coro=<MainWindow.export() done, defined at /Users/egor/Проекты/calendar/main.py:83> exception=TypeError("NDFrame.to_csv() got an unexpected keyword argument 'sheet_name'")>
Traceback (most recent call last):
  File "/Users/egor/Проекты/calendar/main.py", line 86, in export
    df.to_csv("tasks.csv", index=False, sheet_name="Tasks")
    ~~~~~~~~~^^^^^^^^^^^^^^^^^^^^^^^^^^^^^^^^^^^^^^^^^^^^^^
  File "/Users/egor/Проекты/calendar/.venv/lib/python3.13/site-packages/pandas/util/_decorators.py", line 333, in wrapper
    return func(*args, **kwargs)
TypeError: NDFrame.to_csv() got an unexpected keyword argument 'sheet_name'
2025-11-15 11:54:54 - ERROR - qasync._QEventLoop - Task exception was never retrieved
future: <Task finished name='Task-2' coro=<MainWindow.export() done, defined at /Users/egor/Проекты/calendar/main.py:83> exception=TypeError("open() missing required argument 'flags' (pos 2)")>
Traceback (most recent call last):
  File "/Users/egor/Проекты/calendar/main.py", line 87, in export
    os.open("tasks.csv")
    ~~~~~~~^^^^^^^^^^^^^
TypeError: open() missing required argument 'flags' (pos 2)
2025-11-15 11:57:43 - ERROR - qasync._QEventLoop - Task exception was never retrieved
future: <Task finished name='Task-2' coro=<MainWindow.export() done, defined at /Users/egor/Проекты/calendar/main.py:83> exception=AttributeError("module 'os' has no attribute 'startfile'")>
Traceback (most recent call last):
  File "/Users/egor/Проекты/calendar/main.py", line 87, in export
    os.startfile("tasks.csv")
    ^^^^^^^^^^^^
AttributeError: module 'os' has no attribute 'startfile'
2025-11-15 15:15:39 - ERROR - asyncio - Task exception was never retrieved
future: <Task finished name='Task-2' coro=<MainWindow.on_date_selected() done, defined at /Users/egor/Проекты/calendar/main.py:136> exception=RuntimeError('wrapped C/C++ object of type QCalendarWidget has been deleted')>
Traceback (most recent call last):
  File "/Users/egor/Проекты/calendar/main.py", line 137, in on_date_selected
    selected_date = self.calendar.selectedDate().toPyDate()
                    ~~~~~~~~~~~~~~~~~~~~~~~~~~^^
RuntimeError: wrapped C/C++ object of type QCalendarWidget has been deleted
2025-11-15 15:18:32 - ERROR - root - Неожиданная ошибка подключения: no running event loop
2025-11-15 15:18:32 - ERROR - root - Превышено максимальное количество попыток подключения
2025-11-15 15:18:32 - ERROR - root - 'NoneType' object has no attribute 'execute_all'
2025-11-15 15:18:32 - ERROR - asyncio - Task exception was never retrieved
future: <Task finished name='Task-2' coro=<MainWindow.set_date_mero() done, defined at /Users/egor/Проекты/calendar/main.py:95> exception=TypeError("'bool' object is not iterable")>
Traceback (most recent call last):
  File "/Users/egor/Проекты/calendar/main.py", line 97, in set_date_mero
    for m in mero:
             ^^^^
TypeError: 'bool' object is not iterable
2025-11-15 15:25:04 - ERROR - asyncio - Task exception was never retrieved
future: <Task finished name='Task-2' coro=<MainWindow.on_date_selected() done, defined at /Users/egor/Проекты/calendar/main.py:142> exception=RuntimeError('wrapped C/C++ object of type QCalendarWidget has been deleted')>
Traceback (most recent call last):
  File "/Users/egor/Проекты/calendar/main.py", line 143, in on_date_selected
    selected_date = self.calendar.selectedDate().toPyDate()
                    ~~~~~~~~~~~~~~~~~~~~~~~~~~^^
RuntimeError: wrapped C/C++ object of type QCalendarWidget has been deleted
2025-11-15 15:30:30 - ERROR - root - Неожиданная ошибка подключения: no running event loop
2025-11-15 15:30:30 - ERROR - root - Превышено максимальное количество попыток подключения
2025-11-15 15:30:30 - ERROR - root - 'NoneType' object has no attribute 'execute_all'
2025-11-15 15:30:30 - ERROR - asyncio - Task exception was never retrieved
future: <Task finished name='Task-2' coro=<MainWindow.set_date_mero() done, defined at /Users/egor/Проекты/calendar/main.py:97> exception=TypeError("'bool' object is not iterable")>
Traceback (most recent call last):
  File "/Users/egor/Проекты/calendar/main.py", line 101, in set_date_mero
    for m in mero:
             ^^^^
TypeError: 'bool' object is not iterable
